03/25/2022 12:57:54 PM Logfile initialised
03/25/2022 12:57:54 PM socket connected
03/25/2022 12:58:01 PM message received
03/25/2022 12:58:01 PM BBHIIIIIh
03/25/2022 12:58:01 PM {'trigger': 0, 'state': 1, 'CIC_divider': 1250, 'fixed_freq': 0, 'start_freq': 1, 'stop_freq': 100, 'a_const': array(0), 'interval': 146989, 'b_const': 0, 'CIC_Divider': 1250}
03/25/2022 12:58:01 PM FPGA settings sent
03/25/2022 12:58:04 PM message received
03/25/2022 12:58:04 PM request received
03/25/2022 12:58:04 PM wnsm_a8780907
03/25/2022 12:58:04 PM inform GUI executed
03/25/2022 12:58:04 PM message received
03/25/2022 12:58:04 PM BBHIIIIIh
03/25/2022 12:58:04 PM {'trigger': 1, 'state': 1, 'CIC_divider': 1250, 'fixed_freq': 0, 'start_freq': 1, 'stop_freq': 100, 'a_const': array(0), 'interval': 146989, 'b_const': 0, 'CIC_Divider': 1250}
03/25/2022 12:58:04 PM FPGA settings sent
03/25/2022 12:58:05 PM trigger received
03/25/2022 12:58:05 PM 400000 to receive
03/25/2022 12:58:05 PM isRecord triggered
03/25/2022 12:58:05 PM memory view created
03/25/2022 12:58:05 PM 400000 to receive
03/25/2022 12:58:05 PM Awaiting trigger confirmation from server on MCU
03/25/2022 12:58:05 PM start receive
03/25/2022 12:58:05 PM 399997
03/25/2022 12:58:05 PM start receive
03/25/2022 12:58:06 PM 395617
03/25/2022 12:58:06 PM start receive
03/25/2022 12:58:06 PM 381017
03/25/2022 12:58:06 PM start receive
03/25/2022 12:58:06 PM 367877
03/25/2022 12:58:06 PM start receive
03/25/2022 12:58:06 PM 360577
03/25/2022 12:58:06 PM start receive
03/25/2022 12:58:06 PM 350357
03/25/2022 12:58:06 PM start receive
03/25/2022 12:58:06 PM 344517
03/25/2022 12:58:06 PM start receive
03/25/2022 12:58:06 PM 340137
03/25/2022 12:58:06 PM start receive
03/25/2022 12:58:06 PM 332837
03/25/2022 12:58:06 PM start receive
03/25/2022 12:58:06 PM 325537
03/25/2022 12:58:06 PM start receive
03/25/2022 12:58:06 PM 319697
03/25/2022 12:58:06 PM start receive
03/25/2022 12:58:06 PM 312397
03/25/2022 12:58:06 PM start receive
03/25/2022 12:58:06 PM 300717
03/25/2022 12:58:06 PM start receive
03/25/2022 12:58:06 PM 287577
03/25/2022 12:58:06 PM start receive
03/25/2022 12:58:06 PM 278817
03/25/2022 12:58:06 PM start receive
03/25/2022 12:58:06 PM 271517
03/25/2022 12:58:06 PM start receive
03/25/2022 12:58:06 PM 261297
03/25/2022 12:58:06 PM start receive
03/25/2022 12:58:06 PM 253997
03/25/2022 12:58:06 PM start receive
03/25/2022 12:58:06 PM 243777
03/25/2022 12:58:06 PM start receive
03/25/2022 12:58:06 PM 236477
03/25/2022 12:58:06 PM start receive
03/25/2022 12:58:06 PM 229177
03/25/2022 12:58:06 PM start receive
03/25/2022 12:58:06 PM 216037
03/25/2022 12:58:06 PM start receive
03/25/2022 12:58:06 PM 208737
03/25/2022 12:58:06 PM start receive
03/25/2022 12:58:06 PM 197057
03/25/2022 12:58:06 PM start receive
03/25/2022 12:58:06 PM 180997
03/25/2022 12:58:06 PM start receive
03/25/2022 12:58:06 PM 163477
03/25/2022 12:58:06 PM start receive
03/25/2022 12:58:06 PM 150337
03/25/2022 12:58:06 PM start receive
03/25/2022 12:58:06 PM 137853
03/25/2022 12:58:06 PM start receive
03/25/2022 12:58:06 PM 130553
03/25/2022 12:58:06 PM start receive
03/25/2022 12:58:06 PM 117413
03/25/2022 12:58:06 PM start receive
03/25/2022 12:58:06 PM 107193
03/25/2022 12:58:06 PM start receive
03/25/2022 12:58:06 PM 94053
03/25/2022 12:58:06 PM start receive
03/25/2022 12:58:06 PM 85293
03/25/2022 12:58:06 PM start receive
03/25/2022 12:58:06 PM 79453
03/25/2022 12:58:06 PM start receive
03/25/2022 12:58:06 PM 61933
03/25/2022 12:58:06 PM start receive
03/25/2022 12:58:06 PM 53173
03/25/2022 12:58:06 PM start receive
03/25/2022 12:58:06 PM 41493
03/25/2022 12:58:06 PM start receive
03/25/2022 12:58:06 PM 29813
03/25/2022 12:58:06 PM start receive
03/25/2022 12:58:06 PM 22513
03/25/2022 12:58:06 PM start receive
03/25/2022 12:58:06 PM 13753
03/25/2022 12:58:06 PM start receive
03/25/2022 12:58:06 PM 4993
03/25/2022 12:58:06 PM start receive
03/25/2022 12:58:06 PM 0
03/25/2022 12:58:06 PM memory closed
03/25/2022 12:58:06 PM BBHIIIIIh
03/25/2022 12:58:06 PM {'trigger': 0, 'state': 1, 'CIC_divider': 1250, 'fixed_freq': 0, 'start_freq': 1, 'stop_freq': 100, 'a_const': array(0), 'interval': 146989, 'b_const': 0, 'CIC_Divider': 1250}
03/25/2022 12:58:06 PM FPGA settings sent
03/25/2022 12:58:06 PM Trigger off sent
03/25/2022 12:58:25 PM message received
03/25/2022 12:58:25 PM BBHIIIIIh
03/25/2022 12:58:25 PM {'trigger': 0, 'state': 1, 'CIC_divider': 1250, 'fixed_freq': 0, 'start_freq': 1, 'stop_freq': 100, 'a_const': array(0), 'interval': 1469, 'b_const': 0, 'CIC_Divider': 1250}
03/25/2022 12:58:25 PM FPGA settings sent
03/25/2022 12:58:25 PM message received
03/25/2022 12:58:25 PM BBHIIIIIh
03/25/2022 12:58:25 PM {'trigger': 0, 'state': 1, 'CIC_divider': 1250, 'fixed_freq': 0, 'start_freq': 1, 'stop_freq': 100, 'a_const': array(0), 'interval': 1469, 'b_const': 0, 'CIC_Divider': 1250}
03/25/2022 12:58:25 PM FPGA settings sent
03/25/2022 12:58:26 PM message received
03/25/2022 12:58:26 PM BBHIIIIIh
03/25/2022 12:58:26 PM {'trigger': 0, 'state': 1, 'CIC_divider': 1250, 'fixed_freq': 0, 'start_freq': 1, 'stop_freq': 100, 'a_const': array(0), 'interval': 1469, 'b_const': 0, 'CIC_Divider': 1250}
03/25/2022 12:58:26 PM FPGA settings sent
03/25/2022 12:58:27 PM message received
03/25/2022 12:58:27 PM request received
03/25/2022 12:58:27 PM wnsm_a7f15447
03/25/2022 12:58:27 PM inform GUI executed
03/25/2022 12:58:28 PM message received
03/25/2022 12:58:28 PM BBHIIIIIh
03/25/2022 12:58:28 PM {'trigger': 1, 'state': 1, 'CIC_divider': 1250, 'fixed_freq': 0, 'start_freq': 1, 'stop_freq': 100, 'a_const': array(0), 'interval': 1469, 'b_const': 0, 'CIC_Divider': 1250}
03/25/2022 12:58:28 PM FPGA settings sent
03/25/2022 12:58:28 PM trigger received
03/25/2022 12:58:28 PM 4000 to receive
03/25/2022 12:58:28 PM isRecord triggered
03/25/2022 12:58:28 PM memory view created
03/25/2022 12:58:28 PM 4000 to receive
03/25/2022 12:58:28 PM Awaiting trigger confirmation from server on MCU
03/25/2022 12:58:28 PM start receive
03/25/2022 12:58:28 PM 3997
03/25/2022 12:58:28 PM start receive
03/25/2022 12:58:29 PM 0
03/25/2022 12:58:29 PM memory closed
03/25/2022 12:58:29 PM BBHIIIIIh
03/25/2022 12:58:29 PM {'trigger': 0, 'state': 1, 'CIC_divider': 1250, 'fixed_freq': 0, 'start_freq': 1, 'stop_freq': 100, 'a_const': array(0), 'interval': 1469, 'b_const': 0, 'CIC_Divider': 1250}
03/25/2022 12:58:29 PM FPGA settings sent
03/25/2022 12:58:29 PM Trigger off sent
03/25/2022 12:59:30 PM Logfile initialised
03/25/2022 12:59:30 PM socket connected
03/25/2022 12:59:42 PM message received
03/25/2022 12:59:42 PM BBHIIIIIh
03/25/2022 12:59:42 PM {'trigger': 0, 'state': 1, 'CIC_divider': 1250, 'fixed_freq': 0, 'start_freq': 1, 'stop_freq': 100, 'a_const': array(0), 'interval': 1469, 'b_const': 0, 'CIC_Divider': 1250}
03/25/2022 12:59:42 PM FPGA settings sent
03/25/2022 12:59:42 PM message received
03/25/2022 12:59:42 PM BBHIIIIIh
03/25/2022 12:59:42 PM {'trigger': 0, 'state': 1, 'CIC_divider': 1250, 'fixed_freq': 0, 'start_freq': 1, 'stop_freq': 100, 'a_const': array(0), 'interval': 1469, 'b_const': 0, 'CIC_Divider': 1250}
03/25/2022 12:59:42 PM FPGA settings sent
03/25/2022 12:59:44 PM message received
03/25/2022 12:59:44 PM request received
03/25/2022 12:59:44 PM wnsm_05828e31
03/25/2022 12:59:44 PM inform GUI executed
03/25/2022 12:59:44 PM message received
03/25/2022 12:59:44 PM BBHIIIIIh
03/25/2022 12:59:44 PM {'trigger': 1, 'state': 1, 'CIC_divider': 1250, 'fixed_freq': 0, 'start_freq': 1, 'stop_freq': 100, 'a_const': array(0), 'interval': 1469, 'b_const': 0, 'CIC_Divider': 1250}
03/25/2022 12:59:44 PM FPGA settings sent
03/25/2022 12:59:44 PM trigger received
03/25/2022 12:59:44 PM 4000 to receive
03/25/2022 12:59:44 PM isRecord triggered
03/25/2022 12:59:44 PM memory view created
03/25/2022 12:59:44 PM 4000 to receive
03/25/2022 12:59:44 PM Awaiting trigger confirmation from server on MCU
03/25/2022 12:59:44 PM start receive
03/25/2022 12:59:44 PM 3997
03/25/2022 12:59:44 PM start receive
03/25/2022 12:59:45 PM 1077
03/25/2022 12:59:45 PM start receive
03/25/2022 12:59:45 PM 0
03/25/2022 12:59:45 PM memory closed
03/25/2022 12:59:45 PM BBHIIIIIh
03/25/2022 12:59:45 PM {'trigger': 0, 'state': 1, 'CIC_divider': 1250, 'fixed_freq': 0, 'start_freq': 1, 'stop_freq': 100, 'a_const': array(0), 'interval': 1469, 'b_const': 0, 'CIC_Divider': 1250}
03/25/2022 12:59:45 PM FPGA settings sent
03/25/2022 12:59:45 PM Trigger off sent
03/25/2022 04:08:21 PM Logfile initialised
03/25/2022 04:08:21 PM socket connected
03/25/2022 04:08:33 PM message received
03/25/2022 04:08:33 PM BBHIIIIIh
03/25/2022 04:08:33 PM {'trigger': 0, 'state': 1, 'CIC_divider': 1250, 'fixed_freq': 0, 'start_freq': 1, 'stop_freq': 100, 'a_const': array(0), 'interval': 146989, 'b_const': 0, 'CIC_Divider': 1250}
03/25/2022 04:08:33 PM FPGA settings sent
03/25/2022 04:08:34 PM message received
03/25/2022 04:08:34 PM request received
03/25/2022 04:08:34 PM wnsm_6d0a2541
03/25/2022 04:08:34 PM inform GUI executed
03/25/2022 04:08:35 PM message received
03/25/2022 04:08:35 PM BBHIIIIIh
03/25/2022 04:08:35 PM {'trigger': 1, 'state': 1, 'CIC_divider': 1250, 'fixed_freq': 0, 'start_freq': 1, 'stop_freq': 100, 'a_const': array(0), 'interval': 146989, 'b_const': 0, 'CIC_Divider': 1250}
03/25/2022 04:08:35 PM FPGA settings sent
03/25/2022 04:08:35 PM trigger received
03/25/2022 04:08:35 PM 400000 to receive
03/25/2022 04:08:35 PM isRecord triggered
03/25/2022 04:08:35 PM memory view created
03/25/2022 04:08:35 PM 400000 to receive
03/25/2022 04:08:35 PM Awaiting trigger confirmation from server on MCU
03/25/2022 04:08:35 PM start receive
03/25/2022 04:08:35 PM 399997
03/25/2022 04:08:35 PM start receive
03/25/2022 04:08:36 PM 395617
03/25/2022 04:08:36 PM start receive
03/25/2022 04:08:36 PM 378097
03/25/2022 04:08:36 PM start receive
03/25/2022 04:08:36 PM 373717
03/25/2022 04:08:36 PM start receive
03/25/2022 04:08:36 PM 363497
03/25/2022 04:08:36 PM start receive
03/25/2022 04:08:36 PM 353277
03/25/2022 04:08:36 PM start receive
03/25/2022 04:08:36 PM 340137
03/25/2022 04:08:36 PM start receive
03/25/2022 04:08:36 PM 328457
03/25/2022 04:08:36 PM start receive
03/25/2022 04:08:36 PM 318237
03/25/2022 04:08:36 PM start receive
03/25/2022 04:08:36 PM 306557
03/25/2022 04:08:36 PM start receive
03/25/2022 04:08:36 PM 299257
03/25/2022 04:08:36 PM start receive
03/25/2022 04:08:36 PM 289037
03/25/2022 04:08:36 PM start receive
03/25/2022 04:08:36 PM 277357
03/25/2022 04:08:36 PM start receive
03/25/2022 04:08:36 PM 265677
03/25/2022 04:08:36 PM start receive
03/25/2022 04:08:36 PM 253997
03/25/2022 04:08:36 PM start receive
03/25/2022 04:08:36 PM 251077
03/25/2022 04:08:36 PM start receive
03/25/2022 04:08:36 PM 242317
03/25/2022 04:08:36 PM start receive
03/25/2022 04:08:36 PM 232097
03/25/2022 04:08:36 PM start receive
03/25/2022 04:08:36 PM 226257
03/25/2022 04:08:36 PM start receive
03/25/2022 04:08:36 PM 217497
03/25/2022 04:08:36 PM start receive
03/25/2022 04:08:36 PM 213117
03/25/2022 04:08:36 PM start receive
03/25/2022 04:08:36 PM 205817
03/25/2022 04:08:36 PM start receive
03/25/2022 04:08:36 PM 201437
03/25/2022 04:08:36 PM start receive
03/25/2022 04:08:36 PM 197057
03/25/2022 04:08:36 PM start receive
03/25/2022 04:08:36 PM 189757
03/25/2022 04:08:36 PM start receive
03/25/2022 04:08:36 PM 183917
03/25/2022 04:08:36 PM start receive
03/25/2022 04:08:36 PM 179537
03/25/2022 04:08:36 PM start receive
03/25/2022 04:08:36 PM 173697
03/25/2022 04:08:36 PM start receive
03/25/2022 04:08:36 PM 167857
03/25/2022 04:08:36 PM start receive
03/25/2022 04:08:36 PM 163477
03/25/2022 04:08:36 PM start receive
03/25/2022 04:08:36 PM 157637
03/25/2022 04:08:36 PM start receive
03/25/2022 04:08:36 PM 153257
03/25/2022 04:08:36 PM start receive
03/25/2022 04:08:36 PM 147417
03/25/2022 04:08:36 PM start receive
03/25/2022 04:08:36 PM 140117
03/25/2022 04:08:36 PM start receive
03/25/2022 04:08:36 PM 137853
03/25/2022 04:08:36 PM start receive
03/25/2022 04:08:36 PM 130553
03/25/2022 04:08:36 PM start receive
03/25/2022 04:08:36 PM 117413
03/25/2022 04:08:36 PM start receive
03/25/2022 04:08:36 PM 107193
03/25/2022 04:08:36 PM start receive
03/25/2022 04:08:36 PM 95513
03/25/2022 04:08:36 PM start receive
03/25/2022 04:08:36 PM 86753
03/25/2022 04:08:36 PM start receive
03/25/2022 04:08:36 PM 76533
03/25/2022 04:08:36 PM start receive
03/25/2022 04:08:36 PM 70693
03/25/2022 04:08:36 PM start receive
03/25/2022 04:08:36 PM 60473
03/25/2022 04:08:36 PM start receive
03/25/2022 04:08:36 PM 53173
03/25/2022 04:08:37 PM start receive
03/25/2022 04:08:37 PM 42953
03/25/2022 04:08:37 PM start receive
03/25/2022 04:08:37 PM 32733
03/25/2022 04:08:37 PM start receive
03/25/2022 04:08:37 PM 22513
03/25/2022 04:08:37 PM start receive
03/25/2022 04:08:37 PM 13753
03/25/2022 04:08:37 PM start receive
03/25/2022 04:08:37 PM 2073
03/25/2022 04:08:37 PM start receive
03/25/2022 04:08:37 PM 0
03/25/2022 04:08:37 PM memory closed
03/25/2022 04:08:37 PM BBHIIIIIh
03/25/2022 04:08:37 PM {'trigger': 0, 'state': 1, 'CIC_divider': 1250, 'fixed_freq': 0, 'start_freq': 1, 'stop_freq': 100, 'a_const': array(0), 'interval': 146989, 'b_const': 0, 'CIC_Divider': 1250}
03/25/2022 04:08:37 PM FPGA settings sent
03/25/2022 04:08:37 PM Trigger off sent
03/25/2022 04:08:45 PM message received
03/25/2022 04:08:45 PM BBHIIIIIh
03/25/2022 04:08:45 PM {'trigger': 0, 'state': 1, 'CIC_divider': 1250, 'fixed_freq': 0, 'start_freq': 1, 'stop_freq': 100, 'a_const': array(0), 'interval': 1469, 'b_const': 0, 'CIC_Divider': 1250}
03/25/2022 04:08:45 PM FPGA settings sent
03/25/2022 04:08:46 PM message received
03/25/2022 04:08:46 PM request received
03/25/2022 04:08:46 PM wnsm_ec2703a0
03/25/2022 04:08:46 PM inform GUI executed
03/25/2022 04:08:46 PM message received
03/25/2022 04:08:46 PM BBHIIIIIh
03/25/2022 04:08:46 PM {'trigger': 1, 'state': 1, 'CIC_divider': 1250, 'fixed_freq': 0, 'start_freq': 1, 'stop_freq': 100, 'a_const': array(0), 'interval': 1469, 'b_const': 0, 'CIC_Divider': 1250}
03/25/2022 04:08:46 PM FPGA settings sent
03/25/2022 04:08:46 PM trigger received
03/25/2022 04:08:46 PM 4000 to receive
03/25/2022 04:08:46 PM isRecord triggered
03/25/2022 04:08:46 PM memory view created
03/25/2022 04:08:46 PM 4000 to receive
03/25/2022 04:08:46 PM Awaiting trigger confirmation from server on MCU
03/25/2022 04:08:47 PM start receive
03/25/2022 04:08:47 PM 3997
03/25/2022 04:08:47 PM start receive
03/25/2022 04:08:47 PM 1077
03/25/2022 04:08:47 PM start receive
03/25/2022 04:08:47 PM 0
03/25/2022 04:08:47 PM memory closed
03/25/2022 04:08:47 PM BBHIIIIIh
03/25/2022 04:08:47 PM {'trigger': 0, 'state': 1, 'CIC_divider': 1250, 'fixed_freq': 0, 'start_freq': 1, 'stop_freq': 100, 'a_const': array(0), 'interval': 1469, 'b_const': 0, 'CIC_Divider': 1250}
03/25/2022 04:08:47 PM FPGA settings sent
03/25/2022 04:08:47 PM Trigger off sent
03/25/2022 04:40:30 PM Logfile initialised
03/25/2022 04:40:30 PM socket connected
03/25/2022 04:40:44 PM message received
03/25/2022 04:40:44 PM BBHIIIIIh
03/25/2022 04:40:44 PM {'trigger': 0, 'state': 1, 'CIC_divider': 1250, 'fixed_freq': 0, 'start_freq': 1, 'stop_freq': 100, 'a_const': array(0), 'interval': 146989, 'b_const': 0, 'CIC_Divider': 1250}
03/25/2022 04:40:44 PM FPGA settings sent
03/25/2022 04:40:45 PM message received
03/25/2022 04:40:45 PM request received
03/25/2022 04:40:45 PM wnsm_6c167758
03/25/2022 04:40:45 PM inform GUI executed
03/25/2022 04:40:46 PM message received
03/25/2022 04:40:46 PM BBHIIIIIh
03/25/2022 04:40:46 PM {'trigger': 1, 'state': 1, 'CIC_divider': 1250, 'fixed_freq': 0, 'start_freq': 1, 'stop_freq': 100, 'a_const': array(0), 'interval': 146989, 'b_const': 0, 'CIC_Divider': 1250}
03/25/2022 04:40:46 PM FPGA settings sent
03/25/2022 04:40:46 PM trigger received
03/25/2022 04:40:46 PM 400000 to receive
03/25/2022 04:40:46 PM isRecord triggered
03/25/2022 04:40:46 PM memory view created
03/25/2022 04:40:46 PM 400000 to receive
03/25/2022 04:40:46 PM Awaiting trigger confirmation from server on MCU
03/25/2022 04:40:46 PM start receive
03/25/2022 04:40:46 PM 399997
03/25/2022 04:40:46 PM start receive
03/25/2022 04:40:47 PM 395617
03/25/2022 04:40:47 PM start receive
03/25/2022 04:40:47 PM 382477
03/25/2022 04:40:47 PM start receive
03/25/2022 04:40:47 PM 375177
03/25/2022 04:40:47 PM start receive
03/25/2022 04:40:47 PM 364957
03/25/2022 04:40:47 PM start receive
03/25/2022 04:40:47 PM 351817
03/25/2022 04:40:47 PM start receive
03/25/2022 04:40:47 PM 345977
03/25/2022 04:40:47 PM start receive
03/25/2022 04:40:47 PM 334297
03/25/2022 04:40:47 PM start receive
03/25/2022 04:40:47 PM 328457
03/25/2022 04:40:47 PM start receive
03/25/2022 04:40:47 PM 312397
03/25/2022 04:40:47 PM start receive
03/25/2022 04:40:47 PM 303637
03/25/2022 04:40:47 PM start receive
03/25/2022 04:40:47 PM 291957
03/25/2022 04:40:47 PM start receive
03/25/2022 04:40:47 PM 283197
03/25/2022 04:40:47 PM start receive
03/25/2022 04:40:47 PM 278817
03/25/2022 04:40:47 PM start receive
03/25/2022 04:40:47 PM 268597
03/25/2022 04:40:47 PM start receive
03/25/2022 04:40:47 PM 252537
03/25/2022 04:40:47 PM start receive
03/25/2022 04:40:47 PM 240857
03/25/2022 04:40:47 PM start receive
03/25/2022 04:40:47 PM 230637
03/25/2022 04:40:47 PM start receive
03/25/2022 04:40:47 PM 226257
03/25/2022 04:40:47 PM start receive
03/25/2022 04:40:47 PM 220417
03/25/2022 04:40:47 PM start receive
03/25/2022 04:40:47 PM 216037
03/25/2022 04:40:47 PM start receive
03/25/2022 04:40:47 PM 210197
03/25/2022 04:40:47 PM start receive
03/25/2022 04:40:47 PM 204357
03/25/2022 04:40:47 PM start receive
03/25/2022 04:40:47 PM 199977
03/25/2022 04:40:47 PM start receive
03/25/2022 04:40:47 PM 194137
03/25/2022 04:40:47 PM start receive
03/25/2022 04:40:47 PM 188297
03/25/2022 04:40:47 PM start receive
03/25/2022 04:40:47 PM 183917
03/25/2022 04:40:47 PM start receive
03/25/2022 04:40:47 PM 178077
03/25/2022 04:40:47 PM start receive
03/25/2022 04:40:47 PM 170777
03/25/2022 04:40:47 PM start receive
03/25/2022 04:40:47 PM 164937
03/25/2022 04:40:47 PM start receive
03/25/2022 04:40:47 PM 160557
03/25/2022 04:40:47 PM start receive
03/25/2022 04:40:47 PM 154717
03/25/2022 04:40:47 PM start receive
03/25/2022 04:40:47 PM 148877
03/25/2022 04:40:47 PM start receive
03/25/2022 04:40:47 PM 143037
03/25/2022 04:40:47 PM start receive
03/25/2022 04:40:47 PM 137853
03/25/2022 04:40:47 PM start receive
03/25/2022 04:40:48 PM 130553
03/25/2022 04:40:48 PM start receive
03/25/2022 04:40:48 PM 115953
03/25/2022 04:40:48 PM start receive
03/25/2022 04:40:48 PM 105733
03/25/2022 04:40:48 PM start receive
03/25/2022 04:40:48 PM 92593
03/25/2022 04:40:48 PM start receive
03/25/2022 04:40:48 PM 80913
03/25/2022 04:40:48 PM start receive
03/25/2022 04:40:48 PM 73613
03/25/2022 04:40:48 PM start receive
03/25/2022 04:40:48 PM 63393
03/25/2022 04:40:48 PM start receive
03/25/2022 04:40:48 PM 56093
03/25/2022 04:40:48 PM start receive
03/25/2022 04:40:48 PM 50253
03/25/2022 04:40:48 PM start receive
03/25/2022 04:40:48 PM 37113
03/25/2022 04:40:48 PM start receive
03/25/2022 04:40:48 PM 23973
03/25/2022 04:40:48 PM start receive
03/25/2022 04:40:48 PM 12293
03/25/2022 04:40:48 PM start receive
03/25/2022 04:40:48 PM 0
03/25/2022 04:40:48 PM memory closed
03/25/2022 04:40:48 PM BBHIIIIIh
03/25/2022 04:40:48 PM {'trigger': 0, 'state': 1, 'CIC_divider': 1250, 'fixed_freq': 0, 'start_freq': 1, 'stop_freq': 100, 'a_const': array(0), 'interval': 146989, 'b_const': 0, 'CIC_Divider': 1250}
03/25/2022 04:40:48 PM FPGA settings sent
03/25/2022 04:40:48 PM Trigger off sent
03/25/2022 04:40:56 PM message received
03/25/2022 04:40:56 PM request received
03/25/2022 04:40:56 PM wnsm_9828ba44
03/25/2022 04:40:56 PM inform GUI executed
03/25/2022 04:40:56 PM message received
03/25/2022 04:40:56 PM BBHIIIIIh
03/25/2022 04:40:56 PM {'trigger': 1, 'state': 1, 'CIC_divider': 1250, 'fixed_freq': 0, 'start_freq': 1, 'stop_freq': 100, 'a_const': array(0), 'interval': 146989, 'b_const': 0, 'CIC_Divider': 1250}
03/25/2022 04:40:56 PM FPGA settings sent
03/25/2022 04:40:56 PM trigger received
03/25/2022 04:40:56 PM 4000 to receive
03/25/2022 04:40:56 PM isRecord triggered
03/25/2022 04:40:56 PM memory view created
03/25/2022 04:40:56 PM 4000 to receive
03/25/2022 04:40:56 PM Awaiting trigger confirmation from server on MCU
03/25/2022 04:40:56 PM start receive
03/25/2022 04:40:56 PM 3997
03/25/2022 04:40:56 PM start receive
03/25/2022 04:40:57 PM 0
03/25/2022 04:40:57 PM memory closed
03/25/2022 04:40:57 PM BBHIIIIIh
03/25/2022 04:40:57 PM {'trigger': 0, 'state': 1, 'CIC_divider': 1250, 'fixed_freq': 0, 'start_freq': 1, 'stop_freq': 100, 'a_const': array(0), 'interval': 146989, 'b_const': 0, 'CIC_Divider': 1250}
03/25/2022 04:40:57 PM FPGA settings sent
03/25/2022 04:40:57 PM Trigger off sent
03/25/2022 05:00:22 PM Logfile initialised
03/25/2022 05:00:22 PM socket connected
03/25/2022 05:00:30 PM message received
03/25/2022 05:00:30 PM BBHIIIIIh
03/25/2022 05:00:30 PM {'trigger': 0, 'state': 1, 'CIC_divider': 1250, 'fixed_freq': 0, 'start_freq': 1, 'stop_freq': 100, 'a_const': array(0), 'interval': 146989, 'b_const': 0, 'CIC_Divider': 1250}
03/25/2022 05:00:30 PM FPGA settings sent
03/25/2022 05:00:32 PM message received
03/25/2022 05:00:32 PM request received
03/25/2022 05:00:32 PM wnsm_714729d4
03/25/2022 05:00:32 PM inform GUI executed
03/25/2022 05:00:32 PM message received
03/25/2022 05:00:32 PM BBHIIIIIh
03/25/2022 05:00:32 PM {'trigger': 1, 'state': 1, 'CIC_divider': 1250, 'fixed_freq': 0, 'start_freq': 1, 'stop_freq': 100, 'a_const': array(0), 'interval': 146989, 'b_const': 0, 'CIC_Divider': 1250}
03/25/2022 05:00:32 PM FPGA settings sent
03/25/2022 05:00:32 PM trigger received
03/25/2022 05:00:32 PM 400000 to receive
03/25/2022 05:00:32 PM isRecord triggered
03/25/2022 05:00:32 PM memory view created
03/25/2022 05:00:32 PM 400000 to receive
03/25/2022 05:00:32 PM Awaiting trigger confirmation from server on MCU
03/25/2022 05:00:32 PM start receive
03/25/2022 05:00:32 PM 399997
03/25/2022 05:00:32 PM start receive
03/25/2022 05:00:33 PM 397077
03/25/2022 05:00:33 PM start receive
03/25/2022 05:00:33 PM 378097
03/25/2022 05:00:33 PM start receive
03/25/2022 05:00:33 PM 366417
03/25/2022 05:00:33 PM start receive
03/25/2022 05:00:33 PM 360577
03/25/2022 05:00:33 PM start receive
03/25/2022 05:00:33 PM 353277
03/25/2022 05:00:33 PM start receive
03/25/2022 05:00:33 PM 338677
03/25/2022 05:00:33 PM start receive
03/25/2022 05:00:33 PM 329917
03/25/2022 05:00:33 PM start receive
03/25/2022 05:00:33 PM 310937
03/25/2022 05:00:33 PM start receive
03/25/2022 05:00:33 PM 297797
03/25/2022 05:00:33 PM start receive
03/25/2022 05:00:33 PM 281737
03/25/2022 05:00:33 PM start receive
03/25/2022 05:00:33 PM 270057
03/25/2022 05:00:33 PM start receive
03/25/2022 05:00:33 PM 262757
03/25/2022 05:00:33 PM start receive
03/25/2022 05:00:33 PM 253997
03/25/2022 05:00:33 PM start receive
03/25/2022 05:00:33 PM 243777
03/25/2022 05:00:33 PM start receive
03/25/2022 05:00:33 PM 233557
03/25/2022 05:00:33 PM start receive
03/25/2022 05:00:33 PM 223337
03/25/2022 05:00:33 PM start receive
03/25/2022 05:00:33 PM 213117
03/25/2022 05:00:33 PM start receive
03/25/2022 05:00:33 PM 202897
03/25/2022 05:00:33 PM start receive
03/25/2022 05:00:33 PM 186837
03/25/2022 05:00:33 PM start receive
03/25/2022 05:00:33 PM 178077
03/25/2022 05:00:33 PM start receive
03/25/2022 05:00:33 PM 156177
03/25/2022 05:00:33 PM start receive
03/25/2022 05:00:33 PM 145957
03/25/2022 05:00:33 PM start receive
03/25/2022 05:00:33 PM 140117
03/25/2022 05:00:33 PM start receive
03/25/2022 05:00:33 PM 137853
03/25/2022 05:00:33 PM start receive
03/25/2022 05:00:34 PM 130553
03/25/2022 05:00:34 PM start receive
03/25/2022 05:00:34 PM 123253
03/25/2022 05:00:34 PM start receive
03/25/2022 05:00:34 PM 113033
03/25/2022 05:00:34 PM start receive
03/25/2022 05:00:34 PM 98433
03/25/2022 05:00:34 PM start receive
03/25/2022 05:00:34 PM 88213
03/25/2022 05:00:34 PM start receive
03/25/2022 05:00:34 PM 73613
03/25/2022 05:00:34 PM start receive
03/25/2022 05:00:34 PM 56093
03/25/2022 05:00:34 PM start receive
03/25/2022 05:00:34 PM 40033
03/25/2022 05:00:34 PM start receive
03/25/2022 05:00:34 PM 28353
03/25/2022 05:00:34 PM start receive
03/25/2022 05:00:34 PM 13753
03/25/2022 05:00:34 PM start receive
03/25/2022 05:00:34 PM 0
03/25/2022 05:00:34 PM memory closed
03/25/2022 05:00:34 PM BBHIIIIIh
03/25/2022 05:00:34 PM {'trigger': 0, 'state': 1, 'CIC_divider': 1250, 'fixed_freq': 0, 'start_freq': 1, 'stop_freq': 100, 'a_const': array(0), 'interval': 146989, 'b_const': 0, 'CIC_Divider': 1250}
03/25/2022 05:00:34 PM FPGA settings sent
03/25/2022 05:00:34 PM Trigger off sent
03/25/2022 05:02:07 PM Logfile initialised
03/25/2022 05:02:07 PM socket connected
03/25/2022 05:02:17 PM message received
03/25/2022 05:02:17 PM BBHIIIIIh
03/25/2022 05:02:17 PM {'trigger': 0, 'state': 1, 'CIC_divider': 1250, 'fixed_freq': 0, 'start_freq': 1, 'stop_freq': 100, 'a_const': array(0), 'interval': 146989, 'b_const': 0, 'CIC_Divider': 1250}
03/25/2022 05:02:17 PM FPGA settings sent
03/25/2022 05:02:19 PM message received
03/25/2022 05:02:19 PM request received
03/25/2022 05:02:19 PM wnsm_8e944516
03/25/2022 05:02:19 PM inform GUI executed
03/25/2022 05:02:20 PM message received
03/25/2022 05:02:20 PM BBHIIIIIh
03/25/2022 05:02:20 PM {'trigger': 1, 'state': 1, 'CIC_divider': 1250, 'fixed_freq': 0, 'start_freq': 1, 'stop_freq': 100, 'a_const': array(0), 'interval': 146989, 'b_const': 0, 'CIC_Divider': 1250}
03/25/2022 05:02:20 PM FPGA settings sent
03/25/2022 05:02:20 PM trigger received
03/25/2022 05:02:20 PM 400000 to receive
03/25/2022 05:02:20 PM isRecord triggered
03/25/2022 05:02:20 PM memory view created
03/25/2022 05:02:20 PM 400000 to receive
03/25/2022 05:02:20 PM Awaiting trigger confirmation from server on MCU
03/25/2022 05:02:40 PM Logfile initialised
03/25/2022 05:02:40 PM socket connected
03/25/2022 05:04:52 PM Logfile initialised
03/25/2022 05:04:52 PM socket connected
03/25/2022 05:04:59 PM message received
03/25/2022 05:04:59 PM BBHIIIIIh
03/25/2022 05:04:59 PM {'trigger': 0, 'state': 1, 'CIC_divider': 1250, 'fixed_freq': 0, 'start_freq': 1, 'stop_freq': 100, 'a_const': array(0), 'interval': 146989, 'b_const': 0, 'CIC_Divider': 1250}
03/25/2022 05:04:59 PM FPGA settings sent
03/25/2022 05:05:03 PM message received
03/25/2022 05:05:03 PM BBHIIIIIh
03/25/2022 05:05:03 PM {'trigger': 0, 'state': 1, 'CIC_divider': 1250, 'fixed_freq': 0, 'start_freq': 1, 'stop_freq': 100, 'a_const': array(0), 'interval': 14698, 'b_const': 0, 'CIC_Divider': 1250}
03/25/2022 05:05:03 PM FPGA settings sent
03/25/2022 05:05:04 PM message received
03/25/2022 05:05:04 PM request received
03/25/2022 05:05:04 PM wnsm_150a9d36
03/25/2022 05:05:04 PM inform GUI executed
03/25/2022 05:05:05 PM message received
03/25/2022 05:05:05 PM BBHIIIIIh
03/25/2022 05:05:05 PM {'trigger': 1, 'state': 1, 'CIC_divider': 1250, 'fixed_freq': 0, 'start_freq': 1, 'stop_freq': 100, 'a_const': array(0), 'interval': 14698, 'b_const': 0, 'CIC_Divider': 1250}
03/25/2022 05:05:05 PM FPGA settings sent
03/25/2022 05:05:05 PM trigger received
03/25/2022 05:05:05 PM 40000 to receive
03/25/2022 05:05:05 PM isRecord triggered
03/25/2022 05:05:05 PM memory view created
03/25/2022 05:05:05 PM 40000 to receive
03/25/2022 05:05:05 PM Awaiting trigger confirmation from server on MCU
03/25/2022 05:05:05 PM start receive
03/25/2022 05:05:05 PM 39997
03/25/2022 05:05:05 PM start receive
03/25/2022 05:05:06 PM 37077
03/25/2022 05:05:06 PM start receive
03/25/2022 05:05:06 PM 21017
03/25/2022 05:05:06 PM start receive
03/25/2022 05:05:06 PM 7877
03/25/2022 05:05:06 PM start receive
03/25/2022 05:05:06 PM 0
03/25/2022 05:05:06 PM memory closed
03/25/2022 05:05:06 PM BBHIIIIIh
03/25/2022 05:05:06 PM {'trigger': 0, 'state': 1, 'CIC_divider': 1250, 'fixed_freq': 0, 'start_freq': 1, 'stop_freq': 100, 'a_const': array(0), 'interval': 14698, 'b_const': 0, 'CIC_Divider': 1250}
03/25/2022 05:05:06 PM FPGA settings sent
03/25/2022 05:05:06 PM Trigger off sent
03/25/2022 05:05:13 PM message received
03/25/2022 05:05:13 PM BBHIIIIIh
03/25/2022 05:05:13 PM {'trigger': 0, 'state': 1, 'CIC_divider': 1250, 'fixed_freq': 0, 'start_freq': 1, 'stop_freq': 10, 'a_const': array(0), 'interval': 161687, 'b_const': 0, 'CIC_Divider': 1250}
03/25/2022 05:05:13 PM FPGA settings sent
03/25/2022 05:05:17 PM message received
03/25/2022 05:05:17 PM BBHIIIIIh
03/25/2022 05:05:17 PM {'trigger': 0, 'state': 1, 'CIC_divider': 1250, 'fixed_freq': 0, 'start_freq': 1, 'stop_freq': 100, 'a_const': array(0), 'interval': 14698, 'b_const': 0, 'CIC_Divider': 1250}
03/25/2022 05:05:17 PM FPGA settings sent
03/25/2022 05:05:18 PM message received
03/25/2022 05:05:18 PM BBHIIIIIh
03/25/2022 05:05:18 PM {'trigger': 0, 'state': 1, 'CIC_divider': 1250, 'fixed_freq': 0, 'start_freq': 1, 'stop_freq': 100, 'a_const': array(0), 'interval': 14698, 'b_const': 0, 'CIC_Divider': 1250}
03/25/2022 05:05:18 PM FPGA settings sent
03/25/2022 05:05:19 PM message received
03/25/2022 05:05:19 PM request received
03/25/2022 05:05:19 PM wnsm_c4e700e9
03/25/2022 05:05:19 PM inform GUI executed
03/25/2022 05:05:19 PM message received
03/25/2022 05:05:19 PM BBHIIIIIh
03/25/2022 05:05:19 PM {'trigger': 1, 'state': 1, 'CIC_divider': 1250, 'fixed_freq': 0, 'start_freq': 1, 'stop_freq': 100, 'a_const': array(0), 'interval': 14698, 'b_const': 0, 'CIC_Divider': 1250}
03/25/2022 05:05:19 PM FPGA settings sent
03/25/2022 05:05:19 PM trigger received
03/25/2022 05:05:19 PM 40000 to receive
03/25/2022 05:05:19 PM isRecord triggered
03/25/2022 05:05:19 PM memory view created
03/25/2022 05:05:19 PM 40000 to receive
03/25/2022 05:05:19 PM Awaiting trigger confirmation from server on MCU
03/25/2022 05:05:20 PM start receive
03/25/2022 05:05:20 PM 39997
03/25/2022 05:05:20 PM start receive
03/25/2022 05:05:20 PM 37077
03/25/2022 05:05:21 PM start receive
03/25/2022 05:05:21 PM 22477
03/25/2022 05:05:21 PM start receive
03/25/2022 05:05:21 PM 12257
03/25/2022 05:05:21 PM start receive
03/25/2022 05:05:21 PM 7877
03/25/2022 05:05:21 PM start receive
03/25/2022 05:05:21 PM 2037
03/25/2022 05:05:21 PM start receive
03/25/2022 05:05:21 PM 0
03/25/2022 05:05:21 PM memory closed
03/25/2022 05:05:21 PM BBHIIIIIh
03/25/2022 05:05:21 PM {'trigger': 0, 'state': 1, 'CIC_divider': 1250, 'fixed_freq': 0, 'start_freq': 1, 'stop_freq': 100, 'a_const': array(0), 'interval': 14698, 'b_const': 0, 'CIC_Divider': 1250}
03/25/2022 05:05:21 PM FPGA settings sent
03/25/2022 05:05:21 PM Trigger off sent
03/25/2022 05:05:22 PM message received
03/25/2022 05:05:22 PM request received
03/25/2022 05:05:22 PM wnsm_3714c826
03/25/2022 05:05:22 PM inform GUI executed
03/25/2022 05:05:22 PM message received
03/25/2022 05:05:22 PM BBHIIIIIh
03/25/2022 05:05:22 PM {'trigger': 1, 'state': 1, 'CIC_divider': 1250, 'fixed_freq': 0, 'start_freq': 1, 'stop_freq': 100, 'a_const': array(0), 'interval': 14698, 'b_const': 0, 'CIC_Divider': 1250}
03/25/2022 05:05:22 PM FPGA settings sent
03/25/2022 05:05:22 PM trigger received
03/25/2022 05:05:22 PM 40000 to receive
03/25/2022 05:05:22 PM isRecord triggered
03/25/2022 05:05:22 PM memory view created
03/25/2022 05:05:22 PM 40000 to receive
03/25/2022 05:05:22 PM Awaiting trigger confirmation from server on MCU
03/25/2022 05:05:22 PM start receive
03/25/2022 05:05:22 PM 39997
03/25/2022 05:05:22 PM start receive
03/25/2022 05:05:23 PM 35617
03/25/2022 05:05:23 PM start receive
03/25/2022 05:05:23 PM 25397
03/25/2022 05:05:23 PM start receive
03/25/2022 05:05:23 PM 16637
03/25/2022 05:05:23 PM start receive
03/25/2022 05:05:23 PM 7877
03/25/2022 05:05:23 PM start receive
03/25/2022 05:05:23 PM 0
03/25/2022 05:05:23 PM memory closed
03/25/2022 05:05:23 PM BBHIIIIIh
03/25/2022 05:05:23 PM {'trigger': 0, 'state': 1, 'CIC_divider': 1250, 'fixed_freq': 0, 'start_freq': 1, 'stop_freq': 100, 'a_const': array(0), 'interval': 14698, 'b_const': 0, 'CIC_Divider': 1250}
03/25/2022 05:05:23 PM FPGA settings sent
03/25/2022 05:05:23 PM Trigger off sent
03/25/2022 05:05:29 PM message received
03/25/2022 05:05:29 PM BBHIIIIIh
03/25/2022 05:05:29 PM {'trigger': 0, 'state': 1, 'CIC_divider': 1250, 'fixed_freq': 0, 'start_freq': 1, 'stop_freq': 1000, 'a_const': array(0), 'interval': 1456, 'b_const': 0, 'CIC_Divider': 1250}
03/25/2022 05:05:29 PM FPGA settings sent
03/25/2022 05:05:30 PM message received
03/25/2022 05:05:30 PM BBHIIIIIh
03/25/2022 05:05:30 PM {'trigger': 0, 'state': 1, 'CIC_divider': 1250, 'fixed_freq': 0, 'start_freq': 1, 'stop_freq': 1000, 'a_const': array(0), 'interval': 1456, 'b_const': 0, 'CIC_Divider': 1250}
03/25/2022 05:05:30 PM FPGA settings sent
03/25/2022 05:05:31 PM message received
03/25/2022 05:05:31 PM BBHIIIIIh
03/25/2022 05:05:31 PM {'trigger': 0, 'state': 1, 'CIC_divider': 1250, 'fixed_freq': 0, 'start_freq': 1, 'stop_freq': 1000, 'a_const': array(0), 'interval': 1456, 'b_const': 0, 'CIC_Divider': 1250}
03/25/2022 05:05:31 PM FPGA settings sent
03/25/2022 05:05:32 PM message received
03/25/2022 05:05:32 PM request received
03/25/2022 05:05:32 PM wnsm_0b1683bb
03/25/2022 05:05:32 PM inform GUI executed
03/25/2022 05:05:32 PM message received
03/25/2022 05:05:32 PM BBHIIIIIh
03/25/2022 05:05:32 PM {'trigger': 1, 'state': 1, 'CIC_divider': 1250, 'fixed_freq': 0, 'start_freq': 1, 'stop_freq': 1000, 'a_const': array(0), 'interval': 1456, 'b_const': 0, 'CIC_Divider': 1250}
03/25/2022 05:05:32 PM FPGA settings sent
03/25/2022 05:05:32 PM trigger received
03/25/2022 05:05:32 PM 40000 to receive
03/25/2022 05:05:32 PM isRecord triggered
03/25/2022 05:05:32 PM memory view created
03/25/2022 05:05:32 PM 40000 to receive
03/25/2022 05:05:32 PM Awaiting trigger confirmation from server on MCU
03/25/2022 05:05:32 PM start receive
03/25/2022 05:05:32 PM 39997
03/25/2022 05:05:32 PM start receive
03/25/2022 05:05:33 PM 35617
03/25/2022 05:05:33 PM start receive
03/25/2022 05:05:33 PM 23937
03/25/2022 05:05:33 PM start receive
03/25/2022 05:05:33 PM 18097
03/25/2022 05:05:33 PM start receive
03/25/2022 05:05:33 PM 12257
03/25/2022 05:05:33 PM start receive
03/25/2022 05:05:33 PM 2037
03/25/2022 05:05:33 PM start receive
03/25/2022 05:05:33 PM 0
03/25/2022 05:05:33 PM memory closed
03/25/2022 05:05:33 PM BBHIIIIIh
03/25/2022 05:05:33 PM {'trigger': 0, 'state': 1, 'CIC_divider': 1250, 'fixed_freq': 0, 'start_freq': 1, 'stop_freq': 1000, 'a_const': array(0), 'interval': 1456, 'b_const': 0, 'CIC_Divider': 1250}
03/25/2022 05:05:33 PM FPGA settings sent
03/25/2022 05:05:33 PM Trigger off sent
03/25/2022 05:05:35 PM message received
03/25/2022 05:05:35 PM request received
03/25/2022 05:05:35 PM wnsm_fcb08e07
03/25/2022 05:05:35 PM inform GUI executed
03/25/2022 05:05:35 PM message received
03/25/2022 05:05:35 PM BBHIIIIIh
03/25/2022 05:05:35 PM {'trigger': 1, 'state': 1, 'CIC_divider': 1250, 'fixed_freq': 0, 'start_freq': 1, 'stop_freq': 1000, 'a_const': array(0), 'interval': 1456, 'b_const': 0, 'CIC_Divider': 1250}
03/25/2022 05:05:35 PM FPGA settings sent
03/25/2022 05:05:35 PM trigger received
03/25/2022 05:05:35 PM 40000 to receive
03/25/2022 05:05:35 PM isRecord triggered
03/25/2022 05:05:35 PM memory view created
03/25/2022 05:05:35 PM 40000 to receive
03/25/2022 05:05:35 PM Awaiting trigger confirmation from server on MCU
03/25/2022 05:05:36 PM start receive
03/25/2022 05:05:36 PM 39997
03/25/2022 05:05:36 PM start receive
03/25/2022 05:05:36 PM 35617
03/25/2022 05:05:36 PM start receive
03/25/2022 05:05:36 PM 21017
03/25/2022 05:05:36 PM start receive
03/25/2022 05:05:36 PM 13717
03/25/2022 05:05:36 PM start receive
03/25/2022 05:05:36 PM 3497
03/25/2022 05:05:36 PM start receive
03/25/2022 05:05:36 PM 0
03/25/2022 05:05:36 PM memory closed
03/25/2022 05:05:36 PM BBHIIIIIh
03/25/2022 05:05:36 PM {'trigger': 0, 'state': 1, 'CIC_divider': 1250, 'fixed_freq': 0, 'start_freq': 1, 'stop_freq': 1000, 'a_const': array(0), 'interval': 1456, 'b_const': 0, 'CIC_Divider': 1250}
03/25/2022 05:05:36 PM FPGA settings sent
03/25/2022 05:05:36 PM Trigger off sent
03/25/2022 05:05:39 PM message received
03/25/2022 05:05:39 PM request received
03/25/2022 05:05:39 PM wnsm_13f2da42
03/25/2022 05:05:39 PM inform GUI executed
03/25/2022 05:05:39 PM message received
03/25/2022 05:05:39 PM BBHIIIIIh
03/25/2022 05:05:39 PM {'trigger': 1, 'state': 1, 'CIC_divider': 1250, 'fixed_freq': 0, 'start_freq': 1, 'stop_freq': 1000, 'a_const': array(0), 'interval': 1456, 'b_const': 0, 'CIC_Divider': 1250}
03/25/2022 05:05:39 PM FPGA settings sent
03/25/2022 05:05:39 PM trigger received
03/25/2022 05:05:39 PM 400000 to receive
03/25/2022 05:05:39 PM isRecord triggered
03/25/2022 05:05:39 PM memory view created
03/25/2022 05:05:39 PM 400000 to receive
03/25/2022 05:05:39 PM Awaiting trigger confirmation from server on MCU
03/25/2022 05:05:40 PM start receive
03/25/2022 05:05:40 PM 399997
03/25/2022 05:05:40 PM start receive
03/25/2022 05:05:40 PM 395617
03/25/2022 05:05:40 PM start receive
03/25/2022 05:05:40 PM 385397
03/25/2022 05:05:40 PM start receive
03/25/2022 05:05:40 PM 379557
03/25/2022 05:05:40 PM start receive
03/25/2022 05:05:40 PM 370797
03/25/2022 05:05:40 PM start receive
03/25/2022 05:05:40 PM 363497
03/25/2022 05:05:40 PM start receive
03/25/2022 05:05:40 PM 354737
03/25/2022 05:05:40 PM start receive
03/25/2022 05:05:40 PM 344517
03/25/2022 05:05:40 PM start receive
03/25/2022 05:05:40 PM 335757
03/25/2022 05:05:40 PM start receive
03/25/2022 05:05:40 PM 326997
03/25/2022 05:05:40 PM start receive
03/25/2022 05:05:40 PM 319697
03/25/2022 05:05:40 PM start receive
03/25/2022 05:05:40 PM 309477
03/25/2022 05:05:40 PM start receive
03/25/2022 05:05:40 PM 305097
03/25/2022 05:05:40 PM start receive
03/25/2022 05:05:40 PM 294877
03/25/2022 05:05:40 PM start receive
03/25/2022 05:05:40 PM 289037
03/25/2022 05:05:40 PM start receive
03/25/2022 05:05:40 PM 281737
03/25/2022 05:05:40 PM start receive
03/25/2022 05:05:40 PM 270057
03/25/2022 05:05:40 PM start receive
03/25/2022 05:05:40 PM 262757
03/25/2022 05:05:40 PM start receive
03/25/2022 05:05:40 PM 253997
03/25/2022 05:05:40 PM start receive
03/25/2022 05:05:40 PM 243777
03/25/2022 05:05:40 PM start receive
03/25/2022 05:05:40 PM 236477
03/25/2022 05:05:40 PM start receive
03/25/2022 05:05:40 PM 227717
03/25/2022 05:05:40 PM start receive
03/25/2022 05:05:40 PM 218957
03/25/2022 05:05:40 PM start receive
03/25/2022 05:05:40 PM 210197
03/25/2022 05:05:40 PM start receive
03/25/2022 05:05:40 PM 205817
03/25/2022 05:05:40 PM start receive
03/25/2022 05:05:40 PM 199977
03/25/2022 05:05:40 PM start receive
03/25/2022 05:05:40 PM 192677
03/25/2022 05:05:40 PM start receive
03/25/2022 05:05:40 PM 186837
03/25/2022 05:05:40 PM start receive
03/25/2022 05:05:40 PM 178077
03/25/2022 05:05:40 PM start receive
03/25/2022 05:05:40 PM 170777
03/25/2022 05:05:40 PM start receive
03/25/2022 05:05:40 PM 164937
03/25/2022 05:05:40 PM start receive
03/25/2022 05:05:40 PM 157637
03/25/2022 05:05:40 PM start receive
03/25/2022 05:05:40 PM 150337
03/25/2022 05:05:40 PM start receive
03/25/2022 05:05:40 PM 141577
03/25/2022 05:05:40 PM start receive
03/25/2022 05:05:40 PM 137853
03/25/2022 05:05:40 PM start receive
03/25/2022 05:05:41 PM 130553
03/25/2022 05:05:41 PM start receive
03/25/2022 05:05:41 PM 117413
03/25/2022 05:05:41 PM start receive
03/25/2022 05:05:41 PM 102813
03/25/2022 05:05:41 PM start receive
03/25/2022 05:05:41 PM 92593
03/25/2022 05:05:41 PM start receive
03/25/2022 05:05:41 PM 82373
03/25/2022 05:05:41 PM start receive
03/25/2022 05:05:41 PM 70693
03/25/2022 05:05:41 PM start receive
03/25/2022 05:05:41 PM 57553
03/25/2022 05:05:41 PM start receive
03/25/2022 05:05:41 PM 45873
03/25/2022 05:05:41 PM start receive
03/25/2022 05:05:41 PM 34193
03/25/2022 05:05:41 PM start receive
03/25/2022 05:05:41 PM 31273
03/25/2022 05:05:41 PM start receive
03/25/2022 05:05:41 PM 18133
03/25/2022 05:05:41 PM start receive
03/25/2022 05:05:41 PM 6453
03/25/2022 05:05:41 PM start receive
03/25/2022 05:05:41 PM 0
03/25/2022 05:05:41 PM memory closed
03/25/2022 05:05:41 PM BBHIIIIIh
03/25/2022 05:05:41 PM {'trigger': 0, 'state': 1, 'CIC_divider': 1250, 'fixed_freq': 0, 'start_freq': 1, 'stop_freq': 1000, 'a_const': array(0), 'interval': 1456, 'b_const': 0, 'CIC_Divider': 1250}
03/25/2022 05:05:41 PM FPGA settings sent
03/25/2022 05:05:41 PM Trigger off sent
03/25/2022 05:05:43 PM message received
03/25/2022 05:05:43 PM BBHIIIIIh
03/25/2022 05:05:43 PM {'trigger': 0, 'state': 1, 'CIC_divider': 1250, 'fixed_freq': 0, 'start_freq': 1, 'stop_freq': 1000, 'a_const': array(0), 'interval': 14566, 'b_const': 0, 'CIC_Divider': 1250}
03/25/2022 05:05:43 PM FPGA settings sent
03/25/2022 05:05:44 PM message received
03/25/2022 05:05:44 PM request received
03/25/2022 05:05:44 PM wnsm_b74edf7f
03/25/2022 05:05:44 PM inform GUI executed
03/25/2022 05:05:44 PM message received
03/25/2022 05:05:44 PM BBHIIIIIh
03/25/2022 05:05:44 PM {'trigger': 1, 'state': 1, 'CIC_divider': 1250, 'fixed_freq': 0, 'start_freq': 1, 'stop_freq': 1000, 'a_const': array(0), 'interval': 14566, 'b_const': 0, 'CIC_Divider': 1250}
03/25/2022 05:05:44 PM FPGA settings sent
03/25/2022 05:05:44 PM trigger received
03/25/2022 05:05:44 PM 400000 to receive
03/25/2022 05:05:44 PM isRecord triggered
03/25/2022 05:05:44 PM memory view created
03/25/2022 05:05:44 PM 400000 to receive
03/25/2022 05:05:44 PM Awaiting trigger confirmation from server on MCU
03/25/2022 05:05:44 PM start receive
03/25/2022 05:05:44 PM 399997
03/25/2022 05:05:44 PM start receive
03/25/2022 05:05:45 PM 395617
03/25/2022 05:05:45 PM start receive
03/25/2022 05:05:45 PM 378097
03/25/2022 05:05:45 PM start receive
03/25/2022 05:05:45 PM 367877
03/25/2022 05:05:45 PM start receive
03/25/2022 05:05:45 PM 356197
03/25/2022 05:05:45 PM start receive
03/25/2022 05:05:45 PM 343057
03/25/2022 05:05:45 PM start receive
03/25/2022 05:05:45 PM 338677
03/25/2022 05:05:45 PM start receive
03/25/2022 05:05:45 PM 332837
03/25/2022 05:05:45 PM start receive
03/25/2022 05:05:45 PM 329917
03/25/2022 05:05:45 PM start receive
03/25/2022 05:05:45 PM 322617
03/25/2022 05:05:45 PM start receive
03/25/2022 05:05:45 PM 313857
03/25/2022 05:05:45 PM start receive
03/25/2022 05:05:45 PM 299257
03/25/2022 05:05:45 PM start receive
03/25/2022 05:05:45 PM 286117
03/25/2022 05:05:45 PM start receive
03/25/2022 05:05:45 PM 275897
03/25/2022 05:05:45 PM start receive
03/25/2022 05:05:45 PM 262757
03/25/2022 05:05:45 PM start receive
03/25/2022 05:05:45 PM 252537
03/25/2022 05:05:45 PM start receive
03/25/2022 05:05:45 PM 243777
03/25/2022 05:05:45 PM start receive
03/25/2022 05:05:45 PM 236477
03/25/2022 05:05:45 PM start receive
03/25/2022 05:05:45 PM 227717
03/25/2022 05:05:45 PM start receive
03/25/2022 05:05:45 PM 210197
03/25/2022 05:05:45 PM start receive
03/25/2022 05:05:45 PM 197057
03/25/2022 05:05:45 PM start receive
03/25/2022 05:05:45 PM 185377
03/25/2022 05:05:45 PM start receive
03/25/2022 05:05:45 PM 173697
03/25/2022 05:05:45 PM start receive
03/25/2022 05:05:45 PM 164937
03/25/2022 05:05:45 PM start receive
03/25/2022 05:05:45 PM 156177
03/25/2022 05:05:45 PM start receive
03/25/2022 05:05:45 PM 147417
03/25/2022 05:05:45 PM start receive
03/25/2022 05:05:45 PM 140117
03/25/2022 05:05:45 PM start receive
03/25/2022 05:05:45 PM 137853
03/25/2022 05:05:45 PM start receive
03/25/2022 05:05:45 PM 130553
03/25/2022 05:05:45 PM start receive
03/25/2022 05:05:45 PM 123253
03/25/2022 05:05:45 PM start receive
03/25/2022 05:05:45 PM 114493
03/25/2022 05:05:45 PM start receive
03/25/2022 05:05:45 PM 96973
03/25/2022 05:05:45 PM start receive
03/25/2022 05:05:45 PM 94053
03/25/2022 05:05:45 PM start receive
03/25/2022 05:05:45 PM 86753
03/25/2022 05:05:45 PM start receive
03/25/2022 05:05:45 PM 76533
03/25/2022 05:05:45 PM start receive
03/25/2022 05:05:45 PM 64853
03/25/2022 05:05:45 PM start receive
03/25/2022 05:05:45 PM 56093
03/25/2022 05:05:45 PM start receive
03/25/2022 05:05:45 PM 44413
03/25/2022 05:05:45 PM start receive
03/25/2022 05:05:45 PM 35653
03/25/2022 05:05:45 PM start receive
03/25/2022 05:05:45 PM 23973
03/25/2022 05:05:45 PM start receive
03/25/2022 05:05:45 PM 13753
03/25/2022 05:05:45 PM start receive
03/25/2022 05:05:45 PM 613
03/25/2022 05:05:45 PM start receive
03/25/2022 05:05:45 PM 0
03/25/2022 05:05:45 PM memory closed
03/25/2022 05:05:45 PM BBHIIIIIh
03/25/2022 05:05:45 PM {'trigger': 0, 'state': 1, 'CIC_divider': 1250, 'fixed_freq': 0, 'start_freq': 1, 'stop_freq': 1000, 'a_const': array(0), 'interval': 14566, 'b_const': 0, 'CIC_Divider': 1250}
03/25/2022 05:05:45 PM FPGA settings sent
03/25/2022 05:05:45 PM Trigger off sent
03/25/2022 05:05:53 PM message received
03/25/2022 05:05:53 PM BBHIIIIIh
03/25/2022 05:05:53 PM {'trigger': 0, 'state': 1, 'CIC_divider': 1250, 'fixed_freq': 0, 'start_freq': 2, 'stop_freq': 1000, 'a_const': array(0), 'interval': 14581, 'b_const': 0, 'CIC_Divider': 1250}
03/25/2022 05:05:53 PM FPGA settings sent
03/25/2022 05:05:54 PM message received
03/25/2022 05:05:54 PM request received
03/25/2022 05:05:54 PM wnsm_45c57733
03/25/2022 05:05:54 PM inform GUI executed
03/25/2022 05:05:54 PM message received
03/25/2022 05:05:54 PM BBHIIIIIh
03/25/2022 05:05:54 PM {'trigger': 1, 'state': 1, 'CIC_divider': 1250, 'fixed_freq': 0, 'start_freq': 2, 'stop_freq': 1000, 'a_const': array(0), 'interval': 14581, 'b_const': 0, 'CIC_Divider': 1250}
03/25/2022 05:05:54 PM FPGA settings sent
03/25/2022 05:05:54 PM trigger received
03/25/2022 05:05:54 PM 400000 to receive
03/25/2022 05:05:54 PM isRecord triggered
03/25/2022 05:05:54 PM memory view created
03/25/2022 05:05:54 PM 400000 to receive
03/25/2022 05:05:54 PM Awaiting trigger confirmation from server on MCU
03/25/2022 05:05:54 PM start receive
03/25/2022 05:05:54 PM 399997
03/25/2022 05:05:54 PM start receive
03/25/2022 05:05:55 PM 397077
03/25/2022 05:05:55 PM start receive
03/25/2022 05:05:55 PM 381017
03/25/2022 05:05:55 PM start receive
03/25/2022 05:05:55 PM 372257
03/25/2022 05:05:55 PM start receive
03/25/2022 05:05:55 PM 363497
03/25/2022 05:05:55 PM start receive
03/25/2022 05:05:55 PM 354737
03/25/2022 05:05:55 PM start receive
03/25/2022 05:05:55 PM 345977
03/25/2022 05:05:55 PM start receive
03/25/2022 05:05:55 PM 340137
03/25/2022 05:05:55 PM start receive
03/25/2022 05:05:55 PM 331377
03/25/2022 05:05:55 PM start receive
03/25/2022 05:05:55 PM 322617
03/25/2022 05:05:55 PM start receive
03/25/2022 05:05:55 PM 315317
03/25/2022 05:05:55 PM start receive
03/25/2022 05:05:55 PM 300717
03/25/2022 05:05:55 PM start receive
03/25/2022 05:05:55 PM 290497
03/25/2022 05:05:55 PM start receive
03/25/2022 05:05:55 PM 280277
03/25/2022 05:05:55 PM start receive
03/25/2022 05:05:55 PM 270057
03/25/2022 05:05:55 PM start receive
03/25/2022 05:05:55 PM 259837
03/25/2022 05:05:55 PM start receive
03/25/2022 05:05:55 PM 251077
03/25/2022 05:05:55 PM start receive
03/25/2022 05:05:55 PM 245237
03/25/2022 05:05:55 PM start receive
03/25/2022 05:05:55 PM 232097
03/25/2022 05:05:55 PM start receive
03/25/2022 05:05:55 PM 220417
03/25/2022 05:05:55 PM start receive
03/25/2022 05:05:55 PM 210197
03/25/2022 05:05:55 PM start receive
03/25/2022 05:05:55 PM 204357
03/25/2022 05:05:55 PM start receive
03/25/2022 05:05:55 PM 197057
03/25/2022 05:05:55 PM start receive
03/25/2022 05:05:55 PM 192677
03/25/2022 05:05:55 PM start receive
03/25/2022 05:05:55 PM 185377
03/25/2022 05:05:55 PM start receive
03/25/2022 05:05:55 PM 179537
03/25/2022 05:05:55 PM start receive
03/25/2022 05:05:55 PM 172237
03/25/2022 05:05:55 PM start receive
03/25/2022 05:05:55 PM 167857
03/25/2022 05:05:55 PM start receive
03/25/2022 05:05:55 PM 164937
03/25/2022 05:05:55 PM start receive
03/25/2022 05:05:55 PM 159097
03/25/2022 05:05:55 PM start receive
03/25/2022 05:05:55 PM 154717
03/25/2022 05:05:55 PM start receive
03/25/2022 05:05:55 PM 148877
03/25/2022 05:05:55 PM start receive
03/25/2022 05:05:55 PM 144497
03/25/2022 05:05:55 PM start receive
03/25/2022 05:05:55 PM 137853
03/25/2022 05:05:55 PM start receive
03/25/2022 05:05:55 PM 130553
03/25/2022 05:05:55 PM start receive
03/25/2022 05:05:55 PM 121793
03/25/2022 05:05:55 PM start receive
03/25/2022 05:05:55 PM 111573
03/25/2022 05:05:55 PM start receive
03/25/2022 05:05:55 PM 94053
03/25/2022 05:05:55 PM start receive
03/25/2022 05:05:55 PM 92593
03/25/2022 05:05:55 PM start receive
03/25/2022 05:05:55 PM 86753
03/25/2022 05:05:55 PM start receive
03/25/2022 05:05:55 PM 83833
03/25/2022 05:05:55 PM start receive
03/25/2022 05:05:55 PM 76533
03/25/2022 05:05:55 PM start receive
03/25/2022 05:05:55 PM 69233
03/25/2022 05:05:55 PM start receive
03/25/2022 05:05:55 PM 60473
03/25/2022 05:05:55 PM start receive
03/25/2022 05:05:55 PM 51713
03/25/2022 05:05:55 PM start receive
03/25/2022 05:05:55 PM 42953
03/25/2022 05:05:55 PM start receive
03/25/2022 05:05:55 PM 40033
03/25/2022 05:05:55 PM start receive
03/25/2022 05:05:55 PM 32733
03/25/2022 05:05:55 PM start receive
03/25/2022 05:05:55 PM 26893
03/25/2022 05:05:55 PM start receive
03/25/2022 05:05:55 PM 23973
03/25/2022 05:05:55 PM start receive
03/25/2022 05:05:55 PM 22513
03/25/2022 05:05:55 PM start receive
03/25/2022 05:05:55 PM 18133
03/25/2022 05:05:55 PM start receive
03/25/2022 05:05:55 PM 10833
03/25/2022 05:05:55 PM start receive
03/25/2022 05:05:55 PM 613
03/25/2022 05:05:55 PM start receive
03/25/2022 05:05:55 PM 0
03/25/2022 05:05:55 PM memory closed
03/25/2022 05:05:55 PM BBHIIIIIh
03/25/2022 05:05:55 PM {'trigger': 0, 'state': 1, 'CIC_divider': 1250, 'fixed_freq': 0, 'start_freq': 2, 'stop_freq': 1000, 'a_const': array(0), 'interval': 14581, 'b_const': 0, 'CIC_Divider': 1250}
03/25/2022 05:05:55 PM FPGA settings sent
03/25/2022 05:05:55 PM Trigger off sent
03/25/2022 05:06:08 PM Logfile initialised
03/25/2022 05:06:08 PM socket connected
03/25/2022 05:06:19 PM message received
03/25/2022 05:06:19 PM BBHIIIIIh
03/25/2022 05:06:19 PM {'trigger': 0, 'state': 1, 'CIC_divider': 1250, 'fixed_freq': 0, 'start_freq': 1, 'stop_freq': 100, 'a_const': array(0), 'interval': 146989, 'b_const': 0, 'CIC_Divider': 1250}
03/25/2022 05:06:19 PM FPGA settings sent
03/25/2022 05:06:20 PM message received
03/25/2022 05:06:20 PM request received
03/25/2022 05:06:20 PM wnsm_a51e68d8
03/25/2022 05:06:20 PM inform GUI executed
03/25/2022 05:06:20 PM message received
03/25/2022 05:06:20 PM BBHIIIIIh
03/25/2022 05:06:20 PM {'trigger': 1, 'state': 1, 'CIC_divider': 1250, 'fixed_freq': 0, 'start_freq': 1, 'stop_freq': 100, 'a_const': array(0), 'interval': 146989, 'b_const': 0, 'CIC_Divider': 1250}
03/25/2022 05:06:20 PM FPGA settings sent
03/25/2022 05:06:20 PM trigger received
03/25/2022 05:06:20 PM 400000 to receive
03/25/2022 05:06:20 PM isRecord triggered
03/25/2022 05:06:20 PM memory view created
03/25/2022 05:06:20 PM 400000 to receive
03/25/2022 05:06:20 PM Awaiting trigger confirmation from server on MCU
03/25/2022 05:06:21 PM start receive
03/25/2022 05:06:21 PM 399997
03/25/2022 05:06:21 PM start receive
03/25/2022 05:06:22 PM 395617
03/25/2022 05:06:22 PM start receive
03/25/2022 05:06:22 PM 382477
03/25/2022 05:06:22 PM start receive
03/25/2022 05:06:22 PM 372257
03/25/2022 05:06:22 PM start receive
03/25/2022 05:06:22 PM 364957
03/25/2022 05:06:22 PM start receive
03/25/2022 05:06:22 PM 354737
03/25/2022 05:06:22 PM start receive
03/25/2022 05:06:22 PM 347437
03/25/2022 05:06:22 PM start receive
03/25/2022 05:06:22 PM 344517
03/25/2022 05:06:22 PM start receive
03/25/2022 05:06:22 PM 338677
03/25/2022 05:06:22 PM start receive
03/25/2022 05:06:22 PM 329917
03/25/2022 05:06:22 PM start receive
03/25/2022 05:06:22 PM 321157
03/25/2022 05:06:22 PM start receive
03/25/2022 05:06:22 PM 310937
03/25/2022 05:06:22 PM start receive
03/25/2022 05:06:22 PM 303637
03/25/2022 05:06:22 PM start receive
03/25/2022 05:06:22 PM 294877
03/25/2022 05:06:22 PM start receive
03/25/2022 05:06:22 PM 286117
03/25/2022 05:06:22 PM start receive
03/25/2022 05:06:22 PM 275897
03/25/2022 05:06:22 PM start receive
03/25/2022 05:06:22 PM 270057
03/25/2022 05:06:22 PM start receive
03/25/2022 05:06:22 PM 258377
03/25/2022 05:06:22 PM start receive
03/25/2022 05:06:22 PM 246697
03/25/2022 05:06:22 PM start receive
03/25/2022 05:06:22 PM 237937
03/25/2022 05:06:22 PM start receive
03/25/2022 05:06:22 PM 227717
03/25/2022 05:06:22 PM start receive
03/25/2022 05:06:22 PM 220417
03/25/2022 05:06:22 PM start receive
03/25/2022 05:06:22 PM 208737
03/25/2022 05:06:22 PM start receive
03/25/2022 05:06:22 PM 202897
03/25/2022 05:06:22 PM start receive
03/25/2022 05:06:22 PM 194137
03/25/2022 05:06:22 PM start receive
03/25/2022 05:06:22 PM 185377
03/25/2022 05:06:22 PM start receive
03/25/2022 05:06:22 PM 179537
03/25/2022 05:06:22 PM start receive
03/25/2022 05:06:22 PM 170777
03/25/2022 05:06:22 PM start receive
03/25/2022 05:06:22 PM 162017
03/25/2022 05:06:22 PM start receive
03/25/2022 05:06:22 PM 156177
03/25/2022 05:06:22 PM start receive
03/25/2022 05:06:22 PM 151797
03/25/2022 05:06:22 PM start receive
03/25/2022 05:06:22 PM 145957
03/25/2022 05:06:22 PM start receive
03/25/2022 05:06:22 PM 140117
03/25/2022 05:06:22 PM start receive
03/25/2022 05:06:22 PM 137853
03/25/2022 05:06:22 PM start receive
03/25/2022 05:06:22 PM 130553
03/25/2022 05:06:22 PM start receive
03/25/2022 05:06:22 PM 113033
03/25/2022 05:06:22 PM start receive
03/25/2022 05:06:22 PM 105733
03/25/2022 05:06:22 PM start receive
03/25/2022 05:06:22 PM 95513
03/25/2022 05:06:22 PM start receive
03/25/2022 05:06:22 PM 85293
03/25/2022 05:06:22 PM start receive
03/25/2022 05:06:22 PM 75073
03/25/2022 05:06:22 PM start receive
03/25/2022 05:06:22 PM 64853
03/25/2022 05:06:22 PM start receive
03/25/2022 05:06:22 PM 54633
03/25/2022 05:06:22 PM start receive
03/25/2022 05:06:22 PM 42953
03/25/2022 05:06:22 PM start receive
03/25/2022 05:06:22 PM 31273
03/25/2022 05:06:22 PM start receive
03/25/2022 05:06:22 PM 23973
03/25/2022 05:06:22 PM start receive
03/25/2022 05:06:22 PM 7913
03/25/2022 05:06:22 PM start receive
03/25/2022 05:06:22 PM 613
03/25/2022 05:06:22 PM start receive
03/25/2022 05:06:22 PM 0
03/25/2022 05:06:22 PM memory closed
03/25/2022 05:06:22 PM BBHIIIIIh
03/25/2022 05:06:22 PM {'trigger': 0, 'state': 1, 'CIC_divider': 1250, 'fixed_freq': 0, 'start_freq': 1, 'stop_freq': 100, 'a_const': array(0), 'interval': 146989, 'b_const': 0, 'CIC_Divider': 1250}
03/25/2022 05:06:22 PM FPGA settings sent
03/25/2022 05:06:22 PM Trigger off sent
03/31/2022 05:30:41 PM Logfile initialised
03/31/2022 05:30:41 PM socket connected
03/31/2022 05:30:50 PM message received
03/31/2022 05:30:50 PM {'trigger': 0, 'state': 1, 'CIC_divider': 1250, 'fixed_freq': 0, 'start_freq': 1, 'stop_freq': 110, 'a_const': array(0), 'interval': 1335, 'b_const': 0, 'CIC_Divider': 1250}
03/31/2022 05:30:50 PM FPGA settings sent
03/31/2022 05:31:03 PM Logfile initialised
03/31/2022 05:31:03 PM socket connected
03/31/2022 05:31:06 PM message received
03/31/2022 05:31:06 PM {'trigger': 0, 'state': 1, 'CIC_divider': 1250, 'fixed_freq': 0, 'start_freq': 1, 'stop_freq': 110, 'a_const': array(0), 'interval': 1335, 'b_const': 0, 'CIC_Divider': 1250}
03/31/2022 05:31:06 PM FPGA settings sent
03/31/2022 05:37:24 PM Logfile initialised
03/31/2022 05:37:24 PM socket connected
03/31/2022 05:37:34 PM message received
03/31/2022 05:37:34 PM {'trigger': 0, 'state': 1, 'CIC_divider': 1250, 'fixed_freq': 0, 'start_freq': 1, 'stop_freq': 100, 'a_const': array(0), 'interval': 1469, 'b_const': 0, 'CIC_Divider': 1250}
03/31/2022 05:37:34 PM FPGA settings sent
03/31/2022 05:40:13 PM Logfile initialised
03/31/2022 05:40:13 PM socket connected
03/31/2022 05:40:20 PM message received
03/31/2022 05:40:20 PM {'trigger': 0, 'state': 1, 'CIC_divider': 1250, 'fixed_freq': 0, 'start_freq': 1, 'stop_freq': 100, 'a_const': array(0), 'interval': 146989, 'b_const': 0, 'CIC_Divider': 1250}
03/31/2022 05:40:20 PM FPGA settings sent
03/31/2022 05:40:24 PM message received
03/31/2022 05:40:24 PM {'trigger': 0, 'state': 1, 'CIC_divider': 1250, 'fixed_freq': 0, 'start_freq': 1, 'stop_freq': 100, 'a_const': array(0), 'interval': 1469, 'b_const': 0, 'CIC_Divider': 1250}
03/31/2022 05:40:24 PM FPGA settings sent
03/31/2022 05:40:25 PM message received
03/31/2022 05:40:25 PM {'trigger': 0, 'state': 1, 'CIC_divider': 1250, 'fixed_freq': 0, 'start_freq': 1, 'stop_freq': 100, 'a_const': array(0), 'interval': 1469, 'b_const': 0, 'CIC_Divider': 1250}
03/31/2022 05:40:25 PM FPGA settings sent
03/31/2022 05:40:26 PM message received
03/31/2022 05:40:26 PM request received
03/31/2022 05:40:26 PM wnsm_fd314701
03/31/2022 05:40:26 PM inform GUI executed
03/31/2022 05:40:26 PM message received
03/31/2022 05:40:26 PM {'trigger': 1, 'state': 1, 'CIC_divider': 1250, 'fixed_freq': 0, 'start_freq': 1, 'stop_freq': 100, 'a_const': array(0), 'interval': 1469, 'b_const': 0, 'CIC_Divider': 1250}
03/31/2022 05:40:26 PM FPGA settings sent
03/31/2022 05:40:26 PM trigger received
03/31/2022 05:40:26 PM 4000 to receive
03/31/2022 05:40:26 PM isRecord triggered
03/31/2022 05:40:26 PM memory view created
03/31/2022 05:40:26 PM 4000 to receive
03/31/2022 05:40:26 PM Awaiting trigger confirmation from server on MCU
